{"total": {"lines":{"total":589,"covered":536,"skipped":0,"pct":91},"statements":{"total":644,"covered":584,"skipped":0,"pct":90.68},"functions":{"total":75,"covered":63,"skipped":0,"pct":84},"branches":{"total":256,"covered":175,"skipped":0,"pct":68.35},"branchesTrue":{"total":0,"covered":0,"skipped":0,"pct":"Unknown"}}
,"/workspaces/HabitatCalc/js/dark-mode.js": {"lines":{"total":31,"covered":31,"skipped":0,"pct":100},"functions":{"total":5,"covered":5,"skipped":0,"pct":100},"statements":{"total":37,"covered":37,"skipped":0,"pct":100},"branches":{"total":30,"covered":23,"skipped":0,"pct":76.66}}
,"/workspaces/HabitatCalc/js/event-listeners.js": {"lines":{"total":48,"covered":48,"skipped":0,"pct":100},"functions":{"total":11,"covered":11,"skipped":0,"pct":100},"statements":{"total":48,"covered":48,"skipped":0,"pct":100},"branches":{"total":11,"covered":9,"skipped":0,"pct":81.81}}
,"/workspaces/HabitatCalc/js/form-handler.js": {"lines":{"total":150,"covered":142,"skipped":0,"pct":94.66},"functions":{"total":17,"covered":16,"skipped":0,"pct":94.11},"statements":{"total":160,"covered":149,"skipped":0,"pct":93.12},"branches":{"total":75,"covered":65,"skipped":0,"pct":86.66}}
,"/workspaces/HabitatCalc/js/handle-language.js": {"lines":{"total":98,"covered":98,"skipped":0,"pct":100},"functions":{"total":5,"covered":5,"skipped":0,"pct":100},"statements":{"total":132,"covered":128,"skipped":0,"pct":96.96},"branches":{"total":84,"covered":49,"skipped":0,"pct":58.33}}
,"/workspaces/HabitatCalc/js/help-modal.js": {"lines":{"total":45,"covered":26,"skipped":0,"pct":57.77},"functions":{"total":9,"covered":5,"skipped":0,"pct":55.55},"statements":{"total":46,"covered":27,"skipped":0,"pct":58.69},"branches":{"total":18,"covered":3,"skipped":0,"pct":16.66}}
,"/workspaces/HabitatCalc/js/report-handler.js": {"lines":{"total":217,"covered":191,"skipped":0,"pct":88.01},"functions":{"total":28,"covered":21,"skipped":0,"pct":75},"statements":{"total":221,"covered":195,"skipped":0,"pct":88.23},"branches":{"total":38,"covered":26,"skipped":0,"pct":68.42}}
}
