{"total": {"lines":{"total":496,"covered":462,"skipped":0,"pct":93.14},"statements":{"total":550,"covered":509,"skipped":0,"pct":92.54},"functions":{"total":55,"covered":47,"skipped":0,"pct":85.45},"branches":{"total":227,"covered":163,"skipped":0,"pct":71.8},"branchesTrue":{"total":0,"covered":0,"skipped":0,"pct":"Unknown"}}
,"/workspaces/HabitatCalc/js/dark-mode.js": {"lines":{"total":31,"covered":31,"skipped":0,"pct":100},"functions":{"total":5,"covered":5,"skipped":0,"pct":100},"statements":{"total":37,"covered":37,"skipped":0,"pct":100},"branches":{"total":30,"covered":23,"skipped":0,"pct":76.66}}
,"/workspaces/HabitatCalc/js/form-handler.js": {"lines":{"total":150,"covered":142,"skipped":0,"pct":94.66},"functions":{"total":17,"covered":16,"skipped":0,"pct":94.11},"statements":{"total":160,"covered":149,"skipped":0,"pct":93.12},"branches":{"total":75,"covered":65,"skipped":0,"pct":86.66}}
,"/workspaces/HabitatCalc/js/handle-language.js": {"lines":{"total":98,"covered":98,"skipped":0,"pct":100},"functions":{"total":5,"covered":5,"skipped":0,"pct":100},"statements":{"total":132,"covered":128,"skipped":0,"pct":96.96},"branches":{"total":84,"covered":49,"skipped":0,"pct":58.33}}
,"/workspaces/HabitatCalc/js/report-handler.js": {"lines":{"total":217,"covered":191,"skipped":0,"pct":88.01},"functions":{"total":28,"covered":21,"skipped":0,"pct":75},"statements":{"total":221,"covered":195,"skipped":0,"pct":88.23},"branches":{"total":38,"covered":26,"skipped":0,"pct":68.42}}
}
